{"logTime": "1112/163442", "correlationVector":"6WmG1Ux4Qquk9iRteC//gH","action":"SyncServerConnectionManagerRequest", "result":"CONNECTION_UNAVAILABLE", "context":{"error_type":"net_error_code", "error_value":"-101"}}
{"logTime": "1112/163442", "correlationVector":"x+hqa/IoIWCSPLsBHh58ZE.1","action":"SyncServerConnectionManagerRequest", "result":"SYNC_SERVER_OK", "context":{"environment":"", "migrationStage":"", "server":""}}
{"logTime": "1112/163527", "correlationVector":"PskLrMY7o+U9L3tSib6Vvp","action":"SyncServerConnectionManagerRequest", "result":"CONNECTION_UNAVAILABLE", "context":{"error_type":"net_error_code", "error_value":"-101"}}
{"logTime": "1112/163635", "correlationVector":"EKO6IQHNYA1nwAOPIbDzLw.1","action":"SyncServerConnectionManagerRequest", "result":"SYNC_SERVER_OK", "context":{"environment":"Prod_EastUS2_000e", "migrationStage":"NotStarted", "server":"GENERAL0100002I"}}
{"logTime": "1112/163635", "correlationVector":"6WmG1Ux4Qquk9iRteC//gH","action":"Initial GetUpdates", "result":"", "context":Reason: NEW_CLIENT. cV=6WmG1Ux4Qquk9iRteC//gH}
{"logTime": "1112/163635", "correlationVector":"x+hqa/IoIWCSPLsBHh58ZE.0","action":"GetUpdates Response", "result":"Network error (ERR_CONNECTION_RESET)", "context":Received error: Network error (ERR_CONNECTION_RESET). }
{"logTime": "1112/163635", "correlationVector":"PskLrMY7o+U9L3tSib6Vvp","action":"Initial GetUpdates", "result":"", "context":Reason: NEW_CLIENT. cV=PskLrMY7o+U9L3tSib6Vvp}
{"logTime": "1112/163635", "correlationVector":"UdaCwY8ruO8UARTULpISBJ.0","action":"GetUpdates Response", "result":"Network error (ERR_CONNECTION_RESET)", "context":Received error: Network error (ERR_CONNECTION_RESET). }
{"logTime": "1112/163635", "correlationVector":"EKO6IQHNYA1nwAOPIbDzLw","action":"Initial GetUpdates", "result":"", "context":Reason: NEW_CLIENT. cV=EKO6IQHNYA1nwAOPIbDzLw}
{"logTime": "1112/163635", "correlationVector":"EKO6IQHNYA1nwAOPIbDzLw.2","action":"GetUpdates Response", "result":"Success", "context":Received 1 update(s). cV=EKO6IQHNYA1nwAOPIbDzLw.0;server=GENERAL0100002I;cloudType=Consumer;environment=Prod_EastUS2_000e;migrationStage=NotStarted}
{"logTime": "1112/163635", "correlationVector":"2WpjPoSYowPq2cS66mZ1di","action":"Initial GetUpdates", "result":"", "context":Reason: NEW_CLIENT. cV=2WpjPoSYowPq2cS66mZ1di}
{"logTime": "1112/163636", "correlationVector":"2WpjPoSYowPq2cS66mZ1di.1","action":"SyncServerConnectionManagerRequest", "result":"SYNC_SERVER_OK", "context":{"environment":"Prod_EastUS2_000e", "migrationStage":"NotStarted", "server":"GENERAL0100001P"}}
{"logTime": "1112/163636", "correlationVector":"2WpjPoSYowPq2cS66mZ1di.2","action":"GetUpdates Response", "result":"Success", "context":Received 116 update(s). cV=2WpjPoSYowPq2cS66mZ1di.0;server=GENERAL0100001P;cloudType=Consumer;environment=Prod_EastUS2_000e;migrationStage=NotStarted}
{"logTime": "1112/163636", "correlationVector":"PuyE5CDvEwa/vzjHdHYIrD","action":"Initial GetUpdates", "result":"", "context":Reason: NEW_CLIENT. cV=PuyE5CDvEwa/vzjHdHYIrD}
{"logTime": "1112/163636", "correlationVector":"PuyE5CDvEwa/vzjHdHYIrD.1","action":"SyncServerConnectionManagerRequest", "result":"SYNC_SERVER_OK", "context":{"environment":"Prod_EastUS2_000e", "migrationStage":"NotStarted", "server":"GENERAL01000008"}}
{"logTime": "1112/163636", "correlationVector":"PuyE5CDvEwa/vzjHdHYIrD.2","action":"GetUpdates Response", "result":"Success", "context":Received 17 update(s). cV=PuyE5CDvEwa/vzjHdHYIrD.0;server=GENERAL01000008;cloudType=Consumer;environment=Prod_EastUS2_000e;migrationStage=NotStarted}
{"logTime": "1112/163637", "correlationVector":"VYnYcVXbEkf+RJ4IlDjFxG","action":"Initial GetUpdates", "result":"", "context":Reason: NEW_CLIENT. cV=VYnYcVXbEkf+RJ4IlDjFxG}
{"logTime": "1112/163638", "correlationVector":"VYnYcVXbEkf+RJ4IlDjFxG.1","action":"SyncServerConnectionManagerRequest", "result":"SYNC_SERVER_OK", "context":{"environment":"Prod_EastUS2_000e", "migrationStage":"NotStarted", "server":"GENERAL0100001V"}}
{"logTime": "1112/163638", "correlationVector":"VYnYcVXbEkf+RJ4IlDjFxG.2","action":"GetUpdates Response", "result":"Success", "context":Received 227 update(s). cV=VYnYcVXbEkf+RJ4IlDjFxG.0;server=GENERAL0100001V;cloudType=Consumer;environment=Prod_EastUS2_000e;migrationStage=NotStarted Some updates remain.}
{"logTime": "1112/163638", "correlationVector":"RYmtAoZEB+abjkHNdiB5Ta","action":"Initial GetUpdates", "result":"", "context":Reason: NEW_CLIENT. cV=RYmtAoZEB+abjkHNdiB5Ta}
{"logTime": "1112/163638", "correlationVector":"RYmtAoZEB+abjkHNdiB5Ta.1","action":"SyncServerConnectionManagerRequest", "result":"SYNC_SERVER_OK", "context":{"environment":"Prod_EastUS2_000e", "migrationStage":"NotStarted", "server":"GENERAL0100002L"}}
{"logTime": "1112/163638", "correlationVector":"RYmtAoZEB+abjkHNdiB5Ta.2","action":"GetUpdates Response", "result":"Success", "context":Received 250 update(s). cV=RYmtAoZEB+abjkHNdiB5Ta.0;server=GENERAL0100002L;cloudType=Consumer;environment=Prod_EastUS2_000e;migrationStage=NotStarted Some updates remain.}
{"logTime": "1112/163638", "correlationVector":"uPbWeo1zAFJe0OoLdRBvwp","action":"Initial GetUpdates", "result":"", "context":Reason: NEW_CLIENT. cV=uPbWeo1zAFJe0OoLdRBvwp}
{"logTime": "1112/163639", "correlationVector":"uPbWeo1zAFJe0OoLdRBvwp.1","action":"SyncServerConnectionManagerRequest", "result":"SYNC_SERVER_OK", "context":{"environment":"Prod_EastUS2_000e", "migrationStage":"NotStarted", "server":"GENERAL0100002T"}}
{"logTime": "1112/163639", "correlationVector":"uPbWeo1zAFJe0OoLdRBvwp.2","action":"GetUpdates Response", "result":"Success", "context":Received 250 update(s). cV=uPbWeo1zAFJe0OoLdRBvwp.0;server=GENERAL0100002T;cloudType=Consumer;environment=Prod_EastUS2_000e;migrationStage=NotStarted Some updates remain.}
{"logTime": "1112/163639", "correlationVector":"9hREO3r4+SVmxKVHDcNZCT","action":"Initial GetUpdates", "result":"", "context":Reason: NEW_CLIENT. cV=9hREO3r4+SVmxKVHDcNZCT}
{"logTime": "1112/163639", "correlationVector":"9hREO3r4+SVmxKVHDcNZCT.1","action":"SyncServerConnectionManagerRequest", "result":"SYNC_SERVER_OK", "context":{"environment":"Prod_EastUS2_000e", "migrationStage":"NotStarted", "server":"GENERAL0100002U"}}
{"logTime": "1112/163639", "correlationVector":"9hREO3r4+SVmxKVHDcNZCT.2","action":"GetUpdates Response", "result":"Success", "context":Received 231 update(s). cV=9hREO3r4+SVmxKVHDcNZCT.0;server=GENERAL0100002U;cloudType=Consumer;environment=Prod_EastUS2_000e;migrationStage=NotStarted Some updates remain.}
{"logTime": "1112/163639", "correlationVector":"5clQIFj8VMXo+la+wytwIm","action":"Initial GetUpdates", "result":"", "context":Reason: NEW_CLIENT. cV=5clQIFj8VMXo+la+wytwIm}
{"logTime": "1112/163640", "correlationVector":"5clQIFj8VMXo+la+wytwIm.1","action":"SyncServerConnectionManagerRequest", "result":"SYNC_SERVER_OK", "context":{"environment":"Prod_EastUS2_000e", "migrationStage":"NotStarted", "server":"GENERAL0100001D"}}
{"logTime": "1112/163640", "correlationVector":"5clQIFj8VMXo+la+wytwIm.2","action":"GetUpdates Response", "result":"Success", "context":Received 80 update(s). cV=5clQIFj8VMXo+la+wytwIm.0;server=GENERAL0100001D;cloudType=Consumer;environment=Prod_EastUS2_000e;migrationStage=NotStarted}
{"logTime": "1112/163640", "correlationVector":"ByKpVc8bppAm+r+98MArSI","action":"Normal GetUpdate request", "result":"", "context":cV=ByKpVc8bppAm+r+98MArSI
Nudged types: Bookmarks, Typed URLs, Sessions, Device Info, User Consents
Refresh requested types: Bookmarks, Preferences, Passwords, Autofill Profiles, Autofill, Typed URLs, Extensions, Sessions, Extension settings, History Delete Directives, Device Info, User Consents, Send Tab To Self, Web Apps, Collection, Edge E Drop, Edge Hub App Usage, Edge Tab Group, Edge Wallet, Encryption Keys}
{"logTime": "1112/163640", "correlationVector":"ByKpVc8bppAm+r+98MArSI.1","action":"SyncServerConnectionManagerRequest", "result":"SYNC_SERVER_OK", "context":{"environment":"Prod_EastUS2_000e", "migrationStage":"NotStarted", "server":"GENERAL0100000B"}}
{"logTime": "1112/163640", "correlationVector":"ByKpVc8bppAm+r+98MArSI.2","action":"GetUpdates Response", "result":"Success", "context":Received 0 update(s). cV=ByKpVc8bppAm+r+98MArSI.0;server=GENERAL0100000B;cloudType=Consumer;environment=Prod_EastUS2_000e;migrationStage=NotStarted}
{"logTime": "1112/163640", "correlationVector":"OldHAvLdx6gnrboClUFGQV","action":"Commit Request", "result":"", "context":Item count: 9
Contributing types: Bookmarks, Typed URLs, Sessions, Device Info, User Consents}
{"logTime": "1112/163641", "correlationVector":"OldHAvLdx6gnrboClUFGQV.1","action":"SyncServerConnectionManagerRequest", "result":"SYNC_SERVER_OK", "context":{"environment":"Prod_EastUS2_000e", "migrationStage":"NotStarted", "server":"GENERAL0100000T"}}
{"logTime": "1112/163641", "correlationVector":"OldHAvLdx6gnrboClUFGQV.2","action":"Commit Response", "result":"Success", "context":Result: Success. cV=OldHAvLdx6gnrboClUFGQV.0;server=GENERAL0100000T;cloudType=Consumer;environment=Prod_EastUS2_000e;migrationStage=NotStarted}
{"logTime": "1112/163641", "correlationVector":"gxirDlBRoGPIjaxAb5ikqk","action":"Normal GetUpdate request", "result":"", "context":cV=gxirDlBRoGPIjaxAb5ikqk
Nudged types: Typed URLs, Sessions, Device Info}
{"logTime": "1112/163642", "correlationVector":"gxirDlBRoGPIjaxAb5ikqk.1","action":"SyncServerConnectionManagerRequest", "result":"SYNC_SERVER_OK", "context":{"environment":"Prod_EastUS2_000e", "migrationStage":"NotStarted", "server":"GENERAL01000025"}}
{"logTime": "1112/163642", "correlationVector":"gxirDlBRoGPIjaxAb5ikqk.2","action":"GetUpdates Response", "result":"Success", "context":Received 7 update(s). cV=gxirDlBRoGPIjaxAb5ikqk.0;server=GENERAL01000025;cloudType=Consumer;environment=Prod_EastUS2_000e;migrationStage=NotStarted}
{"logTime": "1112/163642", "correlationVector":"FOhtff0oa/ApfADvjSdLP4","action":"DoCompareDataConsistency requsted types: ", "result":"Bookmarks, Preferences, Passwords, Typed URLs, Extensions, Extension settings, History Delete Directives, Send Tab To Self, Web Apps, Collection, Edge E Drop, Edge Tab Group, Edge Wallet, Encryption Keys"}
{"logTime": "1112/163642", "correlationVector":"FOhtff0oa/ApfADvjSdLP4.0","action":"CompareDataConsistency result: ", "result":"Compare result: Encryption Keys is consistent. local entities count is: 1 local entities hash is: e3oaEcwQL1d5mtF1zOq7nRvnjH0="}
{"logTime": "1112/163642", "correlationVector":"FOhtff0oa/ApfADvjSdLP4.1","action":"CompareDataConsistency result: ", "result":"Compare result: Bookmarks is consistent. local entities count is: 15 local entities hash is: cFL3Gofxnc33jKKKmxKXkYmXF/w="}
{"logTime": "1112/163642", "correlationVector":"FOhtff0oa/ApfADvjSdLP4.2","action":"CompareDataConsistency result: ", "result":"Compare result: Preferences is consistent. local entities count is: 65 local entities hash is: cK+TEm4tqU6ySCnGH6EsLomtZDQ="}
{"logTime": "1112/163642", "correlationVector":"FOhtff0oa/ApfADvjSdLP4.3","action":"CompareDataConsistency result: ", "result":"Compare result: Passwords is consistent. local entities count is: 50 local entities hash is: PCiFGuE6uOGkBn7VhHw2VMjEO/8="}
{"logTime": "1112/163642", "correlationVector":"FOhtff0oa/ApfADvjSdLP4.4","action":"CompareDataConsistency result: ", "result":"Server did not send this Typed URLs local entities count is: 20 local entities hash is: kLKHYWXGM3EX6cFPp/EkjTK0cRo="}
{"logTime": "1112/163642", "correlationVector":"FOhtff0oa/ApfADvjSdLP4.5","action":"CompareDataConsistency result: ", "result":"Compare result: Extensions is consistent. local entities count is: 2 local entities hash is: yl0KJcDagG6BR9f7+R/UUWX+BJI="}
{"logTime": "1112/163642", "correlationVector":"FOhtff0oa/ApfADvjSdLP4.6","action":"CompareDataConsistency result: ", "result":"Compare result: Extension settings is consistent. local entities count is: 0 local entities hash is: "}
{"logTime": "1112/163642", "correlationVector":"FOhtff0oa/ApfADvjSdLP4.7","action":"CompareDataConsistency result: ", "result":"Compare result: History Delete Directives is consistent. local entities count is: 0 local entities hash is: "}
{"logTime": "1112/163642", "correlationVector":"FOhtff0oa/ApfADvjSdLP4.8","action":"CompareDataConsistency result: ", "result":"Server did not send this Send Tab To Self local entities count is: 0 local entities hash is: "}
{"logTime": "1112/163642", "correlationVector":"FOhtff0oa/ApfADvjSdLP4.9","action":"CompareDataConsistency result: ", "result":"Compare result: Web Apps is consistent. local entities count is: 0 local entities hash is: "}
{"logTime": "1112/163642", "correlationVector":"FOhtff0oa/ApfADvjSdLP4.10","action":"CompareDataConsistency result: ", "result":"Compare result: Collection is consistent. local entities count is: 0 local entities hash is: "}
{"logTime": "1112/163642", "correlationVector":"FOhtff0oa/ApfADvjSdLP4.11","action":"CompareDataConsistency result: ", "result":"Compare result: Edge E Drop is consistent. local entities count is: 0 local entities hash is: "}
{"logTime": "1112/163642", "correlationVector":"FOhtff0oa/ApfADvjSdLP4.12","action":"CompareDataConsistency result: ", "result":"Compare result: Edge Tab Group is consistent. local entities count is: 0 local entities hash is: "}
{"logTime": "1112/163642", "correlationVector":"FOhtff0oa/ApfADvjSdLP4.13","action":"CompareDataConsistency result: ", "result":"Compare result: Edge Wallet is consistent. local entities count is: 0 local entities hash is: "}
{"logTime": "1112/163642", "correlationVector":"","action":"DIAGNOSTIC_REQUEST|v1/diagnosticData/Diagnostic.SendCheckResult()|SUCCESS", "result":""}
{"logTime": "1112/163941", "correlationVector":"fzzWZh6qv2r1r7EPLcVJWW","action":"Normal GetUpdate request", "result":"", "context":cV=fzzWZh6qv2r1r7EPLcVJWW
Refresh requested types: Bookmarks, Preferences, Passwords, Autofill Profiles, Autofill, Typed URLs, Extensions, Sessions, Extension settings, History Delete Directives, Device Info, User Consents, Send Tab To Self, Web Apps, Collection, Edge E Drop, Edge Hub App Usage, Edge Tab Group, Edge Wallet, Encryption Keys}
{"logTime": "1112/163941", "correlationVector":"fzzWZh6qv2r1r7EPLcVJWW","action":"SyncServerConnectionManagerRequest", "result":"CONNECTION_UNAVAILABLE", "context":{"error_type":"net_error_code", "error_value":"-101"}}
{"logTime": "1112/163941", "correlationVector":"AkBL09D+rO3gYo4mWBz+JH.0","action":"GetUpdates Response", "result":"Network error (ERR_CONNECTION_RESET)", "context":Received error: Network error (ERR_CONNECTION_RESET). }
{"logTime": "1112/164056", "correlationVector":"eUBXDBeDZtWRci3Z3g5aOb","action":"Normal GetUpdate request", "result":"", "context":cV=eUBXDBeDZtWRci3Z3g5aOb
Refresh requested types: Bookmarks, Preferences, Passwords, Autofill Profiles, Autofill, Typed URLs, Extensions, Sessions, Extension settings, History Delete Directives, Device Info, User Consents, Send Tab To Self, Web Apps, Collection, Edge E Drop, Edge Hub App Usage, Edge Tab Group, Edge Wallet, Encryption Keys}
{"logTime": "1112/164056", "correlationVector":"eUBXDBeDZtWRci3Z3g5aOb","action":"SyncServerConnectionManagerRequest", "result":"CONNECTION_UNAVAILABLE", "context":{"error_type":"net_error_code", "error_value":"-101"}}
{"logTime": "1112/164056", "correlationVector":"ln0hR9R2LbcXjC3v8FCx4E.0","action":"GetUpdates Response", "result":"Network error (ERR_CONNECTION_RESET)", "context":Received error: Network error (ERR_CONNECTION_RESET). }
